<?xml version="1.0" encoding="UTF-8"?>
<testng-results ignored="0" total="1" passed="1" failed="0" skipped="0">
  <reporter-output>
    <line>
      <![CDATA[Jainkins Test Pass]]>
    </line>
  </reporter-output>
  <suite started-at="2025-04-06T11:25:10 IST" name="Default suite" finished-at="2025-04-06T11:25:10 IST" duration-ms="65">
    <groups>
    </groups>
    <test started-at="2025-04-06T11:25:10 IST" name="Default test" finished-at="2025-04-06T11:25:10 IST" duration-ms="65">
      <class name="DemoPackage.Jankinstest">
        <test-method signature="demo()[pri:0, instance:DemoPackage.Jankinstest@2b71e916]" started-at="2025-04-06T11:25:10 IST" name="demo" finished-at="2025-04-06T11:25:10 IST" duration-ms="15" status="PASS">
          <reporter-output>
            <line>
              <![CDATA[Jainkins Test Pass]]>
            </line>
          </reporter-output>
        </test-method> <!-- demo -->
      </class> <!-- DemoPackage.Jankinstest -->
    </test> <!-- Default test -->
  </suite> <!-- Default suite -->
</testng-results>
